TN:
SF:server\db.config.ts
FNF:0
FNH:0
DA:4,10
DA:7,10
DA:13,10
DA:14,10
DA:19,0
DA:21,0
DA:23,0
DA:24,0
DA:29,0
DA:44,0
DA:46,0
DA:47,0
DA:52,0
DA:68,10
LF:14
LH:5
BRDA:7,0,0,10
BRDA:7,0,1,0
BRDA:13,1,0,10
BRDA:13,1,1,0
BRDA:13,2,0,10
BRDA:13,2,1,10
BRDA:13,2,2,10
BRDA:19,3,0,0
BRDA:19,3,1,0
BRDA:21,4,0,0
BRDA:21,4,1,0
BRDA:23,5,0,0
BRDA:40,6,0,0
BRDA:40,6,1,0
BRDA:46,7,0,0
BRDA:54,8,0,0
BRDA:54,8,1,0
BRDA:63,9,0,0
BRDA:63,9,1,0
BRF:19
BRH:5
end_of_record
TN:
SF:server\db.ts
FNF:0
FNH:0
DA:6,0
DA:8,0
DA:9,0
DA:14,0
DA:15,0
LF:5
LH:0
BRDA:8,0,0,0
BRF:1
BRH:0
end_of_record
TN:
SF:server\index.ts
FN:30,getAllowedOrigins
FN:33,(anonymous_15)
FN:74,(anonymous_16)
FN:80,(anonymous_17)
FN:85,(anonymous_18)
FN:136,(anonymous_19)
FN:148,(anonymous_20)
FN:160,(anonymous_21)
FN:160,(anonymous_22)
FN:181,(anonymous_23)
FN:186,(anonymous_24)
FN:191,(anonymous_25)
FN:196,(anonymous_26)
FN:202,(anonymous_27)
FN:212,(anonymous_28)
FN:212,(anonymous_29)
FN:218,(anonymous_30)
FN:233,(anonymous_31)
FN:244,(anonymous_32)
FN:249,(anonymous_33)
FN:255,(anonymous_34)
FN:269,(anonymous_35)
FN:273,(anonymous_36)
FN:275,(anonymous_37)
FN:280,(anonymous_38)
FN:285,(anonymous_39)
FN:291,(anonymous_40)
FN:300,(anonymous_41)
FN:300,(anonymous_42)
FN:317,(anonymous_43)
FN:331,(anonymous_44)
FN:333,(anonymous_45)
FNF:32
FNH:5
FNDA:1,getAllowedOrigins
FNDA:1,(anonymous_15)
FNDA:9,(anonymous_16)
FNDA:9,(anonymous_17)
FNDA:9,(anonymous_18)
FNDA:0,(anonymous_19)
FNDA:0,(anonymous_20)
FNDA:0,(anonymous_21)
FNDA:0,(anonymous_22)
FNDA:0,(anonymous_23)
FNDA:0,(anonymous_24)
FNDA:0,(anonymous_25)
FNDA:0,(anonymous_26)
FNDA:0,(anonymous_27)
FNDA:0,(anonymous_28)
FNDA:0,(anonymous_29)
FNDA:0,(anonymous_30)
FNDA:0,(anonymous_31)
FNDA:0,(anonymous_32)
FNDA:0,(anonymous_33)
FNDA:0,(anonymous_34)
FNDA:0,(anonymous_35)
FNDA:0,(anonymous_36)
FNDA:0,(anonymous_37)
FNDA:0,(anonymous_38)
FNDA:0,(anonymous_39)
FNDA:0,(anonymous_40)
FNDA:0,(anonymous_41)
FNDA:0,(anonymous_42)
FNDA:0,(anonymous_43)
FNDA:0,(anonymous_44)
FNDA:0,(anonymous_45)
DA:2,1
DA:3,1
DA:4,1
DA:5,1
DA:6,1
DA:8,1
DA:10,1
DA:11,1
DA:14,1
DA:15,1
DA:16,1
DA:19,1
DA:20,1
DA:21,1
DA:22,1
DA:23,1
DA:26,1
DA:27,1
DA:31,1
DA:32,1
DA:33,1
DA:36,1
DA:39,1
DA:47,1
DA:50,1
DA:55,1
DA:61,1
DA:67,1
DA:70,1
DA:71,1
DA:74,1
DA:75,9
DA:76,9
DA:77,9
DA:79,9
DA:80,9
DA:81,9
DA:82,9
DA:85,9
DA:86,9
DA:87,9
DA:88,9
DA:89,9
DA:90,9
DA:93,9
DA:94,9
DA:97,9
DA:101,9
DA:105,1
DA:106,1
DA:107,1
DA:108,1
DA:109,1
DA:136,1
DA:137,0
DA:145,1
DA:148,1
DA:149,0
DA:150,0
DA:151,0
DA:153,0
DA:156,0
DA:159,0
DA:160,0
DA:161,0
DA:162,0
DA:168,0
DA:178,0
DA:182,0
DA:186,0
DA:187,0
DA:188,0
DA:190,0
DA:192,0
DA:193,0
DA:197,0
DA:202,0
DA:203,0
DA:204,0
DA:212,0
DA:213,0
DA:215,0
DA:217,0
DA:218,0
DA:219,0
DA:221,0
DA:222,0
DA:233,0
DA:234,0
DA:237,0
DA:244,0
DA:245,0
DA:246,0
DA:249,0
DA:250,0
DA:251,0
DA:255,0
DA:256,0
DA:258,0
DA:261,0
DA:269,0
DA:270,0
DA:273,0
DA:274,0
DA:276,0
DA:277,0
DA:281,0
DA:285,0
DA:286,0
DA:291,1
DA:292,0
DA:293,0
DA:294,0
DA:295,0
DA:299,1
DA:300,0
DA:301,0
DA:303,0
DA:306,0
DA:308,0
DA:312,0
DA:313,0
DA:318,0
DA:319,0
DA:320,0
DA:321,0
DA:324,0
DA:325,0
DA:331,1
DA:332,0
DA:333,0
DA:334,0
DA:335,0
DA:339,1
LF:134
LH:60
BRDA:31,0,0,1
BRDA:31,0,1,0
BRDA:32,1,0,0
BRDA:32,2,0,1
BRDA:32,2,1,1
BRDA:87,3,0,9
BRDA:89,4,0,9
BRDA:93,5,0,9
BRDA:140,6,0,0
BRDA:140,6,1,0
BRDA:149,7,0,0
BRDA:149,7,1,0
BRDA:150,8,0,0
BRDA:150,8,1,0
BRDA:151,9,0,0
BRDA:151,9,1,0
BRDA:161,10,0,0
BRDA:161,10,1,0
BRDA:192,11,0,0
BRDA:217,12,0,0
BRDA:221,13,0,0
BRDA:223,14,0,0
BRDA:223,14,1,0
BRDA:224,15,0,0
BRDA:224,15,1,0
BRDA:225,16,0,0
BRDA:225,16,1,0
BRDA:240,17,0,0
BRDA:240,17,1,0
BRDA:276,18,0,0
BRDA:292,19,0,0
BRDA:292,19,1,0
BRDA:292,19,2,0
BRDA:293,20,0,0
BRDA:293,20,1,0
BRDA:299,21,0,0
BRDA:306,22,0,0
BRDA:312,23,0,0
BRDA:312,23,1,0
BRDA:320,24,0,0
BRDA:320,24,1,0
BRDA:321,25,0,0
BRDA:321,25,1,0
BRF:43
BRH:6
end_of_record
TN:
SF:server\routes.ts
FN:5,registerRoutes
FNF:1
FNH:0
FNDA:0,registerRoutes
DA:12,0
DA:14,0
LF:2
LH:0
BRF:0
BRH:0
end_of_record
TN:
SF:server\storage.ts
FN:16,(anonymous_7)
FN:20,(anonymous_8)
FN:24,(anonymous_10)
FN:26,(anonymous_12)
FN:30,(anonymous_13)
FNF:5
FNH:0
FNDA:0,(anonymous_7)
FNDA:0,(anonymous_8)
FNDA:0,(anonymous_10)
FNDA:0,(anonymous_12)
FNDA:0,(anonymous_13)
DA:17,0
DA:21,0
DA:25,0
DA:26,0
DA:31,0
DA:32,0
DA:33,0
DA:34,0
DA:38,0
LF:9
LH:0
BRF:0
BRH:0
end_of_record
TN:
SF:server\swagger.ts
FN:155,setupSwagger
FN:167,(anonymous_2)
FNF:2
FNH:1
FNDA:1,setupSwagger
FNDA:0,(anonymous_2)
DA:2,1
DA:3,1
DA:6,1
DA:150,1
DA:155,1
DA:157,1
DA:167,1
DA:168,0
DA:169,0
DA:172,1
DA:175,1
LF:11
LH:9
BRF:0
BRH:0
end_of_record
TN:
SF:server\vite.ts
FN:5,log
FN:17,serveStatic
FN:41,(anonymous_3)
FNF:3
FNH:1
FNDA:9,log
FNDA:0,serveStatic
FNDA:0,(anonymous_3)
DA:1,1
DA:2,1
DA:3,1
DA:5,1
DA:6,9
DA:13,9
DA:17,1
DA:20,0
DA:22,0
DA:30,0
DA:31,0
DA:35,0
DA:38,0
DA:41,0
DA:42,0
LF:15
LH:7
BRDA:5,0,0,9
BRDA:20,1,0,0
BRDA:20,1,1,0
BRDA:30,2,0,0
BRF:4
BRH:1
end_of_record
TN:
SF:server\middleware\audit.ts
FN:15,(anonymous_7)
FN:16,(anonymous_8)
FN:16,(anonymous_9)
FN:22,(anonymous_10)
FN:41,(anonymous_11)
FN:58,sanitizeBody
FNF:6
FNH:5
FNDA:28,(anonymous_7)
FNDA:9,(anonymous_8)
FNDA:9,(anonymous_9)
FNDA:9,(anonymous_10)
FNDA:0,(anonymous_11)
FNDA:1,sanitizeBody
DA:4,4
DA:15,4
DA:16,28
DA:17,9
DA:19,9
DA:22,9
DA:24,9
DA:26,1
DA:42,0
DA:46,9
DA:49,9
DA:51,0
DA:52,0
DA:59,1
DA:61,1
DA:62,1
DA:64,1
DA:65,4
DA:66,2
DA:70,1
DA:73,4
LF:21
LH:18
BRDA:24,0,0,1
BRDA:24,1,0,9
BRDA:24,1,1,9
BRDA:27,2,0,1
BRDA:27,2,1,0
BRDA:27,3,0,0
BRDA:27,3,1,1
BRDA:27,4,0,1
BRDA:27,4,1,1
BRDA:29,5,0,1
BRDA:29,5,1,1
BRDA:29,5,2,1
BRDA:30,6,0,1
BRDA:30,6,1,0
BRDA:39,7,0,1
BRDA:39,7,1,0
BRDA:39,7,2,0
BRDA:40,8,0,1
BRDA:40,8,1,1
BRDA:59,9,0,0
BRDA:65,10,0,2
BRF:21
BRH:15
end_of_record
TN:
SF:server\middleware\auth.ts
FN:18,(anonymous_8)
FN:22,(anonymous_9)
FN:54,(anonymous_10)
FNF:3
FNH:3
FNDA:21,(anonymous_8)
FNDA:21,(anonymous_9)
FNDA:7,(anonymous_10)
DA:3,8
DA:8,8
DA:18,8
DA:22,21
DA:23,21
DA:24,21
DA:26,20
DA:27,7
DA:28,7
DA:31,13
DA:33,13
DA:34,13
DA:41,12
DA:42,12
DA:44,1
DA:45,1
DA:48,1
DA:49,1
DA:54,8
DA:55,7
DA:66,8
LF:21
LH:21
BRDA:8,0,0,8
BRDA:8,0,1,0
BRDA:26,1,0,7
BRDA:26,2,0,20
BRDA:26,2,1,14
BRF:5
BRH:4
end_of_record
TN:
SF:server\middleware\authorize.ts
FN:17,(anonymous_0)
FN:18,(anonymous_1)
FNF:2
FNH:2
FNDA:20,(anonymous_0)
FNDA:10,(anonymous_1)
DA:6,4
DA:17,4
DA:18,20
DA:19,10
DA:20,1
DA:21,1
DA:24,9
DA:25,1
DA:29,1
DA:32,8
DA:37,4
DA:38,4
DA:39,4
DA:40,4
DA:41,4
DA:43,4
LF:16
LH:16
BRDA:19,0,0,1
BRDA:24,1,0,1
BRF:2
BRH:2
end_of_record
TN:
SF:server\middleware\validation.ts
FN:10,(anonymous_0)
FNF:1
FNH:1
FNDA:5,(anonymous_0)
DA:2,5
DA:5,5
DA:10,5
DA:11,5
DA:12,5
DA:13,1
DA:17,1
DA:19,4
DA:25,5
DA:71,5
DA:141,5
DA:188,5
DA:236,5
DA:246,5
LF:14
LH:14
BRDA:12,0,0,1
BRF:1
BRH:1
end_of_record
TN:
SF:server\models\AuditTrail.ts
FN:31,(anonymous_2)
FN:36,(anonymous_3)
FNF:2
FNH:2
FNDA:10,(anonymous_2)
FNDA:20,(anonymous_3)
DA:2,10
DA:4,10
DA:25,10
DA:29,10
DA:31,10
DA:34,10
DA:36,20
DA:37,10
DA:41,10
DA:44,10
DA:47,10
DA:51,10
DA:54,10
DA:57,10
DA:61,10
DA:64,10
LF:16
LH:16
BRF:0
BRH:0
end_of_record
TN:
SF:server\models\Command.ts
FN:8,(anonymous_2)
FN:54,(anonymous_3)
FN:59,(anonymous_4)
FN:81,(anonymous_5)
FN:86,(anonymous_6)
FNF:5
FNH:5
FNDA:10,(anonymous_2)
FNDA:30,(anonymous_3)
FNDA:20,(anonymous_4)
FNDA:10,(anonymous_5)
FNDA:20,(anonymous_6)
DA:2,10
DA:4,10
DA:5,10
DA:8,10
DA:9,10
DA:10,10
DA:11,10
DA:12,10
DA:13,10
DA:48,10
DA:52,10
DA:54,30
DA:57,10
DA:59,20
DA:60,10
DA:64,10
DA:68,10
DA:73,10
DA:76,10
DA:79,10
DA:81,10
DA:84,10
DA:86,20
DA:87,10
DA:90,10
DA:93,10
DA:96,10
DA:99,10
LF:28
LH:28
BRDA:8,0,0,10
BRDA:8,0,1,10
BRF:2
BRH:2
end_of_record
TN:
SF:server\models\Device.ts
FN:74,(anonymous_2)
FN:60,(anonymous_3)
FN:64,(anonymous_4)
FNF:3
FNH:2
FNDA:0,(anonymous_2)
FNDA:10,(anonymous_3)
FNDA:20,(anonymous_4)
DA:2,10
DA:4,10
DA:28,10
DA:32,10
DA:36,10
DA:40,10
DA:44,10
DA:48,10
DA:52,10
DA:55,10
DA:58,10
DA:60,10
DA:62,10
DA:64,20
DA:65,10
DA:68,10
DA:71,10
DA:75,0
DA:76,0
DA:77,0
DA:78,0
DA:79,0
DA:83,10
LF:23
LH:18
BRDA:75,0,0,0
BRF:1
BRH:0
end_of_record
TN:
SF:server\models\DeviceLog.ts
FN:7,(anonymous_2)
FN:47,(anonymous_3)
FN:52,(anonymous_4)
FNF:3
FNH:3
FNDA:10,(anonymous_2)
FNDA:10,(anonymous_3)
FNDA:20,(anonymous_4)
DA:2,10
DA:4,10
DA:7,10
DA:8,10
DA:9,10
DA:10,10
DA:11,10
DA:12,10
DA:13,10
DA:14,10
DA:15,10
DA:16,10
DA:17,10
DA:18,10
DA:19,10
DA:20,10
DA:21,10
DA:41,10
DA:45,10
DA:47,10
DA:50,10
DA:52,20
DA:53,10
DA:57,10
DA:61,10
DA:64,10
DA:68,10
DA:71,10
LF:28
LH:28
BRDA:7,0,0,10
BRDA:7,0,1,10
BRF:2
BRH:2
end_of_record
TN:
SF:server\models\User.ts
FN:6,(anonymous_2)
FNF:1
FNH:1
FNDA:10,(anonymous_2)
DA:2,10
DA:6,10
DA:7,10
DA:8,10
DA:9,10
DA:10,10
DA:34,10
DA:38,10
DA:43,10
DA:48,10
DA:52,10
DA:57,10
DA:60,10
DA:63,10
DA:66,10
DA:69,10
LF:16
LH:16
BRDA:6,0,0,10
BRDA:6,0,1,10
BRF:2
BRH:2
end_of_record
TN:
SF:server\models\index.ts
FN:30,(anonymous_7)
FN:31,(anonymous_8)
FN:32,(anonymous_9)
FN:33,(anonymous_10)
FN:34,(anonymous_11)
FN:35,(anonymous_12)
FN:36,(anonymous_13)
FN:37,(anonymous_14)
FN:39,(anonymous_15)
FN:14,initializeDatabase
FNF:10
FNH:5
FNDA:0,(anonymous_7)
FNDA:17,(anonymous_8)
FNDA:1,(anonymous_9)
FNDA:9,(anonymous_10)
FNDA:0,(anonymous_11)
FNDA:0,(anonymous_12)
FNDA:0,(anonymous_13)
FNDA:0,(anonymous_14)
FNDA:4,(anonymous_15)
FNDA:11,initializeDatabase
DA:3,10
DA:4,10
DA:5,10
DA:6,10
DA:7,10
DA:8,10
DA:11,10
DA:14,10
DA:15,11
DA:16,11
DA:17,11
DA:20,11
DA:21,11
DA:23,0
DA:24,0
DA:30,10
DA:31,27
DA:32,11
DA:33,19
DA:34,10
DA:35,10
DA:36,10
DA:37,10
DA:39,14
DA:42,10
LF:25
LH:23
BRF:0
BRH:0
end_of_record
TN:
SF:server\routes\audit.routes.ts
FN:23,(anonymous_8)
FN:23,(anonymous_9)
FN:74,(anonymous_10)
FN:74,(anonymous_11)
FN:103,(anonymous_12)
FNF:5
FNH:0
FNDA:0,(anonymous_8)
FNDA:0,(anonymous_9)
FNDA:0,(anonymous_10)
FNDA:0,(anonymous_11)
FNDA:0,(anonymous_12)
DA:2,1
DA:3,1
DA:4,1
DA:5,1
DA:6,1
DA:7,1
DA:8,1
DA:10,1
DA:13,1
DA:19,1
DA:23,0
DA:24,0
DA:25,0
DA:27,0
DA:29,0
DA:30,0
DA:33,0
DA:34,0
DA:37,0
DA:38,0
DA:39,0
DA:40,0
DA:42,0
DA:43,0
DA:47,0
DA:58,0
DA:60,0
DA:61,0
DA:70,1
DA:74,0
DA:75,0
DA:76,0
DA:78,0
DA:80,0
DA:81,0
DA:82,0
DA:83,0
DA:85,0
DA:86,0
DA:90,0
DA:101,0
DA:104,0
DA:105,0
DA:109,0
DA:110,0
DA:111,0
DA:113,0
DA:114,0
DA:119,1
LF:49
LH:12
BRDA:25,0,0,0
BRDA:29,1,0,0
BRDA:33,2,0,0
BRDA:37,3,0,0
BRDA:37,4,0,0
BRDA:37,4,1,0
BRDA:39,5,0,0
BRDA:42,6,0,0
BRDA:80,7,0,0
BRDA:80,8,0,0
BRDA:80,8,1,0
BRDA:82,9,0,0
BRDA:85,10,0,0
BRDA:104,11,0,0
BRDA:104,11,1,0
BRDA:105,12,0,0
BRDA:105,12,1,0
BRDA:105,13,0,0
BRDA:105,13,1,0
BRDA:105,14,0,0
BRDA:105,14,1,0
BRF:21
BRH:0
end_of_record
TN:
SF:server\routes\auth.routes.ts
FN:15,(anonymous_8)
FN:15,(anonymous_9)
FN:72,(anonymous_10)
FN:72,(anonymous_11)
FN:132,(anonymous_12)
FN:132,(anonymous_13)
FNF:6
FNH:2
FNDA:0,(anonymous_8)
FNDA:0,(anonymous_9)
FNDA:2,(anonymous_10)
FNDA:2,(anonymous_11)
FNDA:0,(anonymous_12)
FNDA:0,(anonymous_13)
DA:2,2
DA:3,2
DA:4,2
DA:5,2
DA:6,2
DA:7,2
DA:9,2
DA:15,2
DA:16,0
DA:17,0
DA:19,0
DA:20,0
DA:21,0
DA:25,0
DA:26,0
DA:29,0
DA:35,0
DA:36,0
DA:37,0
DA:41,0
DA:44,0
DA:51,0
DA:53,0
DA:63,0
DA:64,0
DA:72,2
DA:73,2
DA:74,2
DA:76,2
DA:77,0
DA:78,0
DA:82,2
DA:88,2
DA:89,0
DA:90,0
DA:94,2
DA:96,2
DA:97,0
DA:98,0
DA:102,2
DA:105,2
DA:107,2
DA:109,2
DA:120,0
DA:121,0
DA:129,2
DA:130,2
DA:132,2
DA:133,0
DA:134,0
DA:138,0
DA:139,0
DA:140,0
DA:143,0
DA:145,0
DA:146,0
DA:150,2
LF:57
LH:24
BRDA:19,0,0,0
BRDA:19,1,0,0
BRDA:19,1,1,0
BRDA:19,1,2,0
BRDA:26,2,0,0
BRDA:26,2,1,0
BRDA:26,3,0,0
BRDA:26,3,1,0
BRDA:35,4,0,0
BRDA:76,5,0,0
BRDA:76,6,0,2
BRDA:76,6,1,2
BRDA:88,7,0,0
BRDA:96,8,0,0
BRDA:138,9,0,0
BRF:15
BRH:2
end_of_record
TN:
SF:server\routes\devices.routes.ts
FN:24,(anonymous_8)
FN:24,(anonymous_9)
FN:32,(anonymous_10)
FN:54,(anonymous_11)
FN:54,(anonymous_12)
FN:102,(anonymous_13)
FN:102,(anonymous_14)
FN:169,(anonymous_15)
FN:169,(anonymous_16)
FN:235,(anonymous_17)
FN:235,(anonymous_18)
FN:279,(anonymous_19)
FN:279,(anonymous_20)
FN:312,(anonymous_21)
FN:312,(anonymous_22)
FN:355,(anonymous_23)
FN:355,(anonymous_24)
FNF:17
FNH:8
FNDA:0,(anonymous_8)
FNDA:0,(anonymous_9)
FNDA:0,(anonymous_10)
FNDA:0,(anonymous_11)
FNDA:0,(anonymous_12)
FNDA:0,(anonymous_13)
FNDA:0,(anonymous_14)
FNDA:0,(anonymous_15)
FNDA:0,(anonymous_16)
FNDA:2,(anonymous_17)
FNDA:2,(anonymous_18)
FNDA:1,(anonymous_19)
FNDA:1,(anonymous_20)
FNDA:2,(anonymous_21)
FNDA:2,(anonymous_22)
FNDA:2,(anonymous_23)
FNDA:2,(anonymous_24)
DA:2,2
DA:3,2
DA:4,2
DA:5,2
DA:6,2
DA:7,2
DA:8,2
DA:9,2
DA:11,2
DA:14,2
DA:20,2
DA:24,0
DA:25,0
DA:26,0
DA:32,0
DA:37,0
DA:39,0
DA:40,0
DA:49,2
DA:54,0
DA:55,0
DA:56,0
DA:58,0
DA:59,0
DA:60,0
DA:64,0
DA:71,0
DA:78,0
DA:87,0
DA:88,0
DA:97,2
DA:102,0
DA:103,0
DA:104,0
DA:106,0
DA:107,0
DA:108,0
DA:111,0
DA:113,0
DA:114,0
DA:115,0
DA:119,0
DA:120,0
DA:121,0
DA:125,0
DA:134,0
DA:136,0
DA:137,0
DA:138,0
DA:140,0
DA:146,0
DA:152,0
DA:153,0
DA:162,2
DA:164,2
DA:169,0
DA:170,0
DA:171,0
DA:173,0
DA:174,0
DA:175,0
DA:179,0
DA:180,0
DA:181,0
DA:183,0
DA:185,0
DA:187,0
DA:188,0
DA:231,2
DA:235,2
DA:236,2
DA:237,2
DA:239,2
DA:240,1
DA:241,1
DA:244,1
DA:245,1
DA:246,1
DA:250,0
DA:255,0
DA:256,0
DA:257,0
DA:262,0
DA:265,0
DA:266,0
DA:275,2
DA:279,1
DA:280,1
DA:281,1
DA:283,1
DA:284,0
DA:285,0
DA:289,1
DA:291,1
DA:292,0
DA:293,0
DA:295,1
DA:298,0
DA:299,0
DA:308,2
DA:312,2
DA:313,2
DA:314,2
DA:316,2
DA:317,0
DA:318,0
DA:321,2
DA:323,2
DA:324,1
DA:325,1
DA:328,1
DA:335,1
DA:336,0
DA:338,1
DA:341,0
DA:342,0
DA:351,2
DA:355,2
DA:356,2
DA:357,2
DA:359,2
DA:360,0
DA:361,0
DA:364,2
DA:366,2
DA:367,1
DA:368,1
DA:371,1
DA:377,1
DA:378,0
DA:380,1
DA:383,0
DA:384,0
DA:389,2
LF:134
LH:58
BRDA:58,0,0,0
BRDA:106,1,0,0
BRDA:111,2,0,0
BRDA:113,3,0,0
BRDA:119,4,0,0
BRDA:136,5,0,0
BRDA:136,5,1,0
BRDA:147,6,0,0
BRDA:147,6,1,0
BRDA:173,7,0,0
BRDA:239,8,0,1
BRDA:244,9,0,1
BRDA:251,10,0,0
BRDA:251,10,1,0
BRDA:252,11,0,0
BRDA:252,11,1,0
BRDA:255,12,0,0
BRDA:255,12,1,0
BRDA:283,13,0,0
BRDA:291,14,0,0
BRDA:291,14,1,1
BRDA:316,15,0,0
BRDA:323,16,0,1
BRDA:323,17,0,2
BRDA:323,17,1,2
BRDA:323,17,2,1
BRDA:335,18,0,0
BRDA:335,18,1,1
BRDA:359,19,0,0
BRDA:366,20,0,1
BRDA:366,21,0,2
BRDA:366,21,1,1
BRDA:377,22,0,0
BRDA:377,22,1,1
BRF:34
BRH:12
end_of_record
TN:
SF:server\routes\upload.routes.ts
FN:14,(anonymous_8)
FN:24,(anonymous_9)
FN:45,(anonymous_10)
FN:45,(anonymous_11)
FN:120,(anonymous_12)
FN:120,(anonymous_13)
FNF:6
FNH:0
FNDA:0,(anonymous_8)
FNDA:0,(anonymous_9)
FNDA:0,(anonymous_10)
FNDA:0,(anonymous_11)
FNDA:0,(anonymous_12)
FNDA:0,(anonymous_13)
DA:2,1
DA:3,1
DA:4,1
DA:5,1
DA:6,1
DA:7,1
DA:8,1
DA:10,1
DA:13,1
DA:15,0
DA:18,0
DA:19,0
DA:22,0
DA:25,0
DA:26,0
DA:30,1
DA:42,1
DA:45,0
DA:46,0
DA:47,0
DA:48,0
DA:50,0
DA:51,0
DA:52,0
DA:56,0
DA:60,0
DA:61,0
DA:63,0
DA:74,0
DA:75,0
DA:77,0
DA:78,0
DA:79,0
DA:80,0
DA:81,0
DA:82,0
DA:83,0
DA:84,0
DA:87,0
DA:99,0
DA:101,0
DA:107,0
DA:108,0
DA:117,1
DA:120,0
DA:121,0
DA:122,0
DA:123,0
DA:125,0
DA:126,0
DA:127,0
DA:130,0
DA:132,0
DA:133,0
DA:138,1
LF:55
LH:13
BRDA:18,0,0,0
BRDA:47,1,0,0
BRDA:47,1,1,0
BRDA:50,2,0,0
BRDA:60,3,0,0
BRDA:68,4,0,0
BRDA:68,4,1,0
BRDA:77,5,0,0
BRDA:77,5,1,0
BRDA:78,6,0,0
BRDA:78,6,1,0
BRDA:79,7,0,0
BRDA:79,7,1,0
BRDA:80,8,0,0
BRDA:80,8,1,0
BRDA:81,9,0,0
BRDA:81,9,1,0
BRDA:81,10,0,0
BRDA:81,10,1,0
BRDA:82,11,0,0
BRDA:82,11,1,0
BRDA:82,12,0,0
BRDA:82,12,1,0
BRDA:83,13,0,0
BRDA:83,13,1,0
BRDA:84,14,0,0
BRDA:125,15,0,0
BRF:27
BRH:0
end_of_record
TN:
SF:server\routes\users.routes.ts
FN:24,(anonymous_8)
FN:24,(anonymous_9)
FN:48,(anonymous_10)
FN:48,(anonymous_11)
FN:76,(anonymous_12)
FN:76,(anonymous_13)
FN:122,(anonymous_14)
FN:122,(anonymous_15)
FN:168,(anonymous_16)
FN:168,(anonymous_17)
FNF:10
FNH:0
FNDA:0,(anonymous_8)
FNDA:0,(anonymous_9)
FNDA:0,(anonymous_10)
FNDA:0,(anonymous_11)
FNDA:0,(anonymous_12)
FNDA:0,(anonymous_13)
FNDA:0,(anonymous_14)
FNDA:0,(anonymous_15)
FNDA:0,(anonymous_16)
FNDA:0,(anonymous_17)
DA:2,2
DA:3,2
DA:4,2
DA:5,2
DA:6,2
DA:7,2
DA:8,2
DA:9,2
DA:11,2
DA:14,2
DA:20,2
DA:24,0
DA:25,0
DA:26,0
DA:31,0
DA:33,0
DA:34,0
DA:43,2
DA:48,0
DA:49,0
DA:50,0
DA:54,0
DA:55,0
DA:56,0
DA:59,0
DA:61,0
DA:62,0
DA:71,2
DA:76,0
DA:77,0
DA:78,0
DA:80,0
DA:81,0
DA:82,0
DA:86,0
DA:88,0
DA:95,0
DA:97,0
DA:107,0
DA:108,0
DA:117,2
DA:122,0
DA:123,0
DA:124,0
DA:126,0
DA:127,0
DA:128,0
DA:131,0
DA:132,0
DA:134,0
DA:135,0
DA:136,0
DA:137,0
DA:139,0
DA:141,0
DA:143,0
DA:153,0
DA:154,0
DA:163,2
DA:168,0
DA:169,0
DA:171,0
DA:172,0
DA:173,0
DA:176,0
DA:178,0
DA:179,0
DA:180,0
DA:183,0
DA:185,0
DA:187,0
DA:189,0
DA:190,0
DA:195,2
LF:74
LH:16
BRDA:54,0,0,0
BRDA:80,1,0,0
BRDA:80,2,0,0
BRDA:80,2,1,0
BRDA:80,2,2,0
BRDA:92,3,0,0
BRDA:92,3,1,0
BRDA:126,4,0,0
BRDA:134,5,0,0
BRDA:135,6,0,0
BRDA:136,7,0,0
BRDA:137,8,0,0
BRDA:171,9,0,0
BRDA:178,10,0,0
BRF:14
BRH:0
end_of_record
TN:
SF:server\scripts\migrate.ts
FN:11,migrate
FN:31,(anonymous_9)
FN:45,(anonymous_10)
FN:61,(anonymous_11)
FN:65,(anonymous_12)
FNF:5
FNH:0
FNDA:0,migrate
FNDA:0,(anonymous_9)
FNDA:0,(anonymous_10)
FNDA:0,(anonymous_11)
FNDA:0,(anonymous_12)
DA:12,0
DA:13,0
DA:16,0
DA:17,0
DA:20,0
DA:21,0
DA:22,0
DA:24,0
DA:25,0
DA:26,0
DA:28,0
DA:29,0
DA:30,0
DA:31,0
DA:35,0
DA:40,0
DA:43,0
DA:44,0
DA:45,0
DA:46,0
DA:48,0
DA:50,0
DA:51,0
DA:52,0
DA:54,0
DA:59,0
DA:60,0
DA:62,0
DA:63,0
DA:66,0
DA:67,0
LF:31
LH:0
BRDA:20,0,0,0
BRDA:20,0,1,0
BRDA:22,1,0,0
BRDA:22,1,1,0
BRDA:28,2,0,0
BRDA:37,3,0,0
BRDA:37,3,1,0
BRDA:59,4,0,0
BRF:8
BRH:0
end_of_record
TN:
SF:server\scripts\seed-admin.ts
FN:9,seedAdminUser
FN:63,(anonymous_9)
FN:64,(anonymous_10)
FNF:3
FNH:0
FNDA:0,seedAdminUser
FNDA:0,(anonymous_9)
FNDA:0,(anonymous_10)
DA:10,0
DA:12,0
DA:15,0
DA:17,0
DA:18,0
DA:19,0
DA:20,0
DA:24,0
DA:25,0
DA:26,0
DA:29,0
DA:32,0
DA:39,0
DA:40,0
DA:52,0
DA:53,0
DA:54,0
DA:56,0
DA:61,0
DA:62,0
DA:63,0
DA:65,0
DA:66,0
LF:23
LH:0
BRDA:17,0,0,0
BRDA:24,1,0,0
BRDA:24,1,1,0
BRDA:25,2,0,0
BRDA:25,2,1,0
BRDA:26,3,0,0
BRDA:26,3,1,0
BRDA:61,4,0,0
BRF:8
BRH:0
end_of_record
TN:
SF:server\utils\logger.ts
FN:9,(anonymous_1)
FNF:1
FNH:1
FNDA:2,(anonymous_1)
DA:2,4
DA:4,4
DA:10,2
DA:11,0
DA:13,2
DA:17,4
DA:41,4
LF:7
LH:6
BRDA:10,0,0,0
BRDA:18,1,0,4
BRDA:18,1,1,0
BRF:3
BRH:1
end_of_record
TN:
SF:server\utils\socketBridge.ts
FN:13,initSocketBridge
FN:21,registerDevice
FN:29,unregisterDevice
FN:37,getDeviceSocket
FN:44,getConnectedDevices
FN:51,emitToDevice
FN:68,(anonymous_6)
FN:85,emitToAll
FN:94,(anonymous_8)
FN:110,isDeviceOnline
FNF:10
FNH:3
FNDA:1,initSocketBridge
FNDA:0,registerDevice
FNDA:0,unregisterDevice
FNDA:0,getDeviceSocket
FNDA:0,getConnectedDevices
FNDA:3,emitToDevice
FNDA:0,(anonymous_6)
FNDA:0,emitToAll
FNDA:0,(anonymous_8)
FNDA:1,isDeviceOnline
DA:5,2
DA:8,2
DA:13,2
DA:14,1
DA:15,1
DA:21,2
DA:22,0
DA:23,0
DA:29,2
DA:30,0
DA:31,0
DA:37,2
DA:38,0
DA:44,2
DA:45,0
DA:51,2
DA:56,3
DA:57,0
DA:58,0
DA:61,3
DA:62,3
DA:63,3
DA:64,3
DA:68,0
DA:73,0
DA:78,0
DA:79,0
DA:85,2
DA:89,0
DA:90,0
DA:91,0
DA:94,0
DA:99,0
DA:104,0
DA:110,2
DA:111,1
DA:114,2
LF:37
LH:19
BRDA:54,0,0,0
BRDA:56,1,0,0
BRDA:62,2,0,3
BRDA:87,3,0,0
BRDA:89,4,0,0
BRF:5
BRH:1
end_of_record
